<?xml version="1.0" encoding="UTF-8"?>
<!-- Generated by org.testng.reporters.JUnitReportReporter -->
<testsuite name="FirstTAsk" tests="2" time="8.026" ignored="0" failures="0" timestamp="02 May 2019 12:16:26 GMT" skipped="0" hostname="DESKTOP-CAERA9Q" errors="0">
  <testcase name="Task" time="5.342" classname="FirstTAsk"/>
  <testcase name="voicebroadcasts" time="2.684" classname="FirstTAsk"/>
</testsuite> <!-- FirstTAsk -->
